0 info it worked if it ends with ok
1 verbose cli [ 'C:\\Program Files\\nodejs\\node.exe',
1 verbose cli   'C:\\Users\\owner\\AppData\\Roaming\\npm\\node_modules\\npm\\bin\\npm-cli.js',
1 verbose cli   'install',
1 verbose cli   '--save-dev',
1 verbose cli   'webpack-hot-middleware' ]
2 info using npm@3.10.6
3 info using node@v7.2.0
4 silly loadCurrentTree Starting
5 silly install loadCurrentTree
6 silly install readLocalPackageData
7 silly fetchPackageMetaData webpack-hot-middleware
8 silly fetchNamedPackageData webpack-hot-middleware
9 silly mapToRegistry name webpack-hot-middleware
10 silly mapToRegistry using default registry
11 silly mapToRegistry registry https://registry.npmjs.org/
12 silly mapToRegistry data Result {
12 silly mapToRegistry   raw: 'webpack-hot-middleware',
12 silly mapToRegistry   scope: null,
12 silly mapToRegistry   escapedName: 'webpack-hot-middleware',
12 silly mapToRegistry   name: 'webpack-hot-middleware',
12 silly mapToRegistry   rawSpec: '',
12 silly mapToRegistry   spec: 'latest',
12 silly mapToRegistry   type: 'tag' }
13 silly mapToRegistry uri https://registry.npmjs.org/webpack-hot-middleware
14 verbose request uri https://registry.npmjs.org/webpack-hot-middleware
15 verbose request no auth needed
16 info attempt registry request try #1 at 10:57:37 PM
17 verbose request id 0b2b2001847afd56
18 http request GET https://registry.npmjs.org/webpack-hot-middleware
19 http 200 https://registry.npmjs.org/webpack-hot-middleware
20 verbose headers { server: 'nginx/1.10.1',
20 verbose headers   'content-type': 'application/json',
20 verbose headers   'last-modified': 'Mon, 28 Nov 2016 05:48:55 GMT',
20 verbose headers   etag: 'W/"583bc547-cdfb"',
20 verbose headers   'content-encoding': 'gzip',
20 verbose headers   'cache-control': 'max-age=300',
20 verbose headers   'content-length': '7675',
20 verbose headers   'accept-ranges': 'bytes',
20 verbose headers   date: 'Mon, 12 Dec 2016 22:57:46 GMT',
20 verbose headers   via: '1.1 varnish',
20 verbose headers   age: '278',
20 verbose headers   connection: 'keep-alive',
20 verbose headers   'x-served-by': 'cache-lcy1136-LCY',
20 verbose headers   'x-cache': 'HIT',
20 verbose headers   'x-cache-hits': '1',
20 verbose headers   'x-timer': 'S1481583466.026243,VS0,VE0',
20 verbose headers   vary: 'Accept-Encoding' }
21 silly get cb [ 200,
21 silly get   { server: 'nginx/1.10.1',
21 silly get     'content-type': 'application/json',
21 silly get     'last-modified': 'Mon, 28 Nov 2016 05:48:55 GMT',
21 silly get     etag: 'W/"583bc547-cdfb"',
21 silly get     'content-encoding': 'gzip',
21 silly get     'cache-control': 'max-age=300',
21 silly get     'content-length': '7675',
21 silly get     'accept-ranges': 'bytes',
21 silly get     date: 'Mon, 12 Dec 2016 22:57:46 GMT',
21 silly get     via: '1.1 varnish',
21 silly get     age: '278',
21 silly get     connection: 'keep-alive',
21 silly get     'x-served-by': 'cache-lcy1136-LCY',
21 silly get     'x-cache': 'HIT',
21 silly get     'x-cache-hits': '1',
21 silly get     'x-timer': 'S1481583466.026243,VS0,VE0',
21 silly get     vary: 'Accept-Encoding' } ]
22 verbose get saving webpack-hot-middleware to C:\Users\owner\AppData\Roaming\npm-cache\registry.npmjs.org\webpack-hot-middleware\.cache.json
23 verbose correctMkdir C:\Users\owner\AppData\Roaming\npm-cache correctMkdir not in flight; initializing
24 silly install normalizeTree
25 silly loadCurrentTree Finishing
26 silly loadIdealTree Starting
27 silly install loadIdealTree
28 silly cloneCurrentTree Starting
29 silly install cloneCurrentTreeToIdealTree
30 silly cloneCurrentTree Finishing
31 silly loadShrinkwrap Starting
32 silly install loadShrinkwrap
33 silly loadShrinkwrap Finishing
34 silly loadAllDepsIntoIdealTree Starting
35 silly install loadAllDepsIntoIdealTree
36 silly rollbackFailedOptional Starting
37 silly rollbackFailedOptional Finishing
38 silly runTopLevelLifecycles Starting
39 silly runTopLevelLifecycles Finishing
40 silly install printInstalled
41 verbose stack Error: Refusing to install webpack-hot-middleware as a dependency of itself
41 verbose stack     at checkSelf (C:\Users\owner\AppData\Roaming\npm\node_modules\npm\lib\install\validate-args.js:53:14)
41 verbose stack     at Array.<anonymous> (C:\Users\owner\AppData\Roaming\npm\node_modules\npm\node_modules\slide\lib\bind-actor.js:15:8)
41 verbose stack     at LOOP (C:\Users\owner\AppData\Roaming\npm\node_modules\npm\node_modules\slide\lib\chain.js:15:14)
41 verbose stack     at chain (C:\Users\owner\AppData\Roaming\npm\node_modules\npm\node_modules\slide\lib\chain.js:20:5)
41 verbose stack     at C:\Users\owner\AppData\Roaming\npm\node_modules\npm\lib\install\validate-args.js:16:5
41 verbose stack     at C:\Users\owner\AppData\Roaming\npm\node_modules\npm\node_modules\slide\lib\async-map.js:52:35
41 verbose stack     at Array.forEach (native)
41 verbose stack     at C:\Users\owner\AppData\Roaming\npm\node_modules\npm\node_modules\slide\lib\async-map.js:52:11
41 verbose stack     at Array.forEach (native)
41 verbose stack     at asyncMap (C:\Users\owner\AppData\Roaming\npm\node_modules\npm\node_modules\slide\lib\async-map.js:51:8)
42 verbose cwd C:\Angular2-Full\OkExs\Webpack2\HMR\HMR-glejamin
43 error Windows_NT 10.0.14393
44 error argv "C:\\Program Files\\nodejs\\node.exe" "C:\\Users\\owner\\AppData\\Roaming\\npm\\node_modules\\npm\\bin\\npm-cli.js" "install" "--save-dev" "webpack-hot-middleware"
45 error node v7.2.0
46 error npm  v3.10.6
47 error code ENOSELF
48 error Refusing to install webpack-hot-middleware as a dependency of itself
49 error If you need help, you may report this error at:
49 error     <https://github.com/npm/npm/issues>
50 verbose exit [ 1, true ]
